<?xml version="1.0" encoding="UTF-8"?>
<robot generator="Robot 6.0 (Python 3.10.8 on win32)" generated="20221118 11:39:46.218" rpa="false" schemaversion="3">
<suite id="s1" name="SuiteAutomation" source="C:\Users\Larissa\Desktop\Automacao\4- suite\SuiteAutomation.robot">
<test id="s1-t1" name="CT01-Login Com Sucesso" line="17">
<kw name="Abrir navegador" library="FrameworkAutomation" type="SETUP">
<arg>${URL}</arg>
<kw name="Open Browser" library="SeleniumLibrary">
<arg>${tela}</arg>
<arg>chrome</arg>
<doc>Opens a new browser instance to the optional ``url``.</doc>
<msg timestamp="20221118 11:40:00.208" level="INFO">Opening browser 'chrome' to base url 'https://opensource-demo.orangehrmlive.com/web/index.php/auth/login'.</msg>
<status status="PASS" starttime="20221118 11:40:00.203" endtime="20221118 11:40:15.454"/>
</kw>
<kw name="Maximize Browser Window" library="SeleniumLibrary">
<doc>Maximizes current browser window.</doc>
<status status="PASS" starttime="20221118 11:40:15.455" endtime="20221118 11:40:15.709"/>
</kw>
<kw name="Print Tela" library="FrameworkAutomation">
<kw name="Capture Page Screenshot" library="SeleniumLibrary">
<doc>Takes a screenshot of the current page and embeds it into a log file.</doc>
<msg timestamp="20221118 11:40:16.200" level="INFO" html="true">&lt;/td&gt;&lt;/tr&gt;&lt;tr&gt;&lt;td colspan="3"&gt;&lt;a href="selenium-screenshot-1.png"&gt;&lt;img src="selenium-screenshot-1.png" width="800px"&gt;&lt;/a&gt;</msg>
<status status="PASS" starttime="20221118 11:40:15.712" endtime="20221118 11:40:16.201"/>
</kw>
<status status="PASS" starttime="20221118 11:40:15.710" endtime="20221118 11:40:16.202"/>
</kw>
<status status="PASS" starttime="20221118 11:40:00.201" endtime="20221118 11:40:16.202"/>
</kw>
<kw name="Dado que acesso o site OrangeHRM" library="StepsAutomation">
<kw name="Aguarda" library="FrameworkAutomation">
<kw name="Sleep" library="BuiltIn">
<arg>1</arg>
<doc>Pauses the test executed for the given time.</doc>
<msg timestamp="20221118 11:40:17.236" level="INFO">Slept 1 second</msg>
<status status="PASS" starttime="20221118 11:40:16.232" endtime="20221118 11:40:17.238"/>
</kw>
<status status="PASS" starttime="20221118 11:40:16.230" endtime="20221118 11:40:17.239"/>
</kw>
<kw name="Print Tela" library="FrameworkAutomation">
<kw name="Capture Page Screenshot" library="SeleniumLibrary">
<doc>Takes a screenshot of the current page and embeds it into a log file.</doc>
<msg timestamp="20221118 11:40:18.113" level="INFO" html="true">&lt;/td&gt;&lt;/tr&gt;&lt;tr&gt;&lt;td colspan="3"&gt;&lt;a href="selenium-screenshot-2.png"&gt;&lt;img src="selenium-screenshot-2.png" width="800px"&gt;&lt;/a&gt;</msg>
<status status="PASS" starttime="20221118 11:40:17.242" endtime="20221118 11:40:18.114"/>
</kw>
<status status="PASS" starttime="20221118 11:40:17.239" endtime="20221118 11:40:18.115"/>
</kw>
<kw name="Valida Elemento" library="FrameworkAutomation">
<arg>${LogoHome}</arg>
<kw name="Run Keyword And Return Status" library="BuiltIn">
<var>${Status}</var>
<arg>Esta Visivel</arg>
<arg>${element}</arg>
<doc>Runs the given keyword with given arguments and returns the status as a Boolean value.</doc>
<kw name="Esta Visivel" library="FrameworkAutomation">
<arg>${element}</arg>
<kw name="Wait Until Element Is Visible" library="SeleniumLibrary">
<arg>${element}</arg>
<arg>30</arg>
<doc>Waits until the element ``locator`` is visible.</doc>
<status status="PASS" starttime="20221118 11:40:18.124" endtime="20221118 11:40:18.683"/>
</kw>
<status status="PASS" starttime="20221118 11:40:18.121" endtime="20221118 11:40:18.684"/>
</kw>
<msg timestamp="20221118 11:40:18.685" level="INFO">${Status} = True</msg>
<status status="PASS" starttime="20221118 11:40:18.119" endtime="20221118 11:40:18.685"/>
</kw>
<kw name="Aguarda" library="FrameworkAutomation">
<kw name="Sleep" library="BuiltIn">
<arg>1</arg>
<doc>Pauses the test executed for the given time.</doc>
<msg timestamp="20221118 11:40:19.692" level="INFO">Slept 1 second</msg>
<status status="PASS" starttime="20221118 11:40:18.687" endtime="20221118 11:40:19.692"/>
</kw>
<status status="PASS" starttime="20221118 11:40:18.686" endtime="20221118 11:40:19.693"/>
</kw>
<kw name="Run Keyword If" library="BuiltIn">
<arg>'${status}' == 'False'</arg>
<arg>Fatal Error</arg>
<arg>msg=O Elemento '${element}' não encontrado na tela</arg>
<doc>Runs the given keyword with the given arguments, if ``condition`` is true.</doc>
<status status="PASS" starttime="20221118 11:40:19.694" endtime="20221118 11:40:19.695"/>
</kw>
<status status="PASS" starttime="20221118 11:40:18.116" endtime="20221118 11:40:19.696"/>
</kw>
<status status="PASS" starttime="20221118 11:40:16.228" endtime="20221118 11:40:19.696"/>
</kw>
<kw name="Quando preencho Username &quot;Admin&quot; e password &quot;admin123&quot;" library="StepsAutomation" sourcename="Quando preencho Username &quot;${user}&quot; e password &quot;${senha}&quot;">
<kw name="Preencher Text" library="FrameworkAutomation">
<arg>${InputUser}</arg>
<arg>${user}</arg>
<kw name="Valida Elemento" library="FrameworkAutomation">
<arg>${input}</arg>
<kw name="Run Keyword And Return Status" library="BuiltIn">
<var>${Status}</var>
<arg>Esta Visivel</arg>
<arg>${element}</arg>
<doc>Runs the given keyword with given arguments and returns the status as a Boolean value.</doc>
<kw name="Esta Visivel" library="FrameworkAutomation">
<arg>${element}</arg>
<kw name="Wait Until Element Is Visible" library="SeleniumLibrary">
<arg>${element}</arg>
<arg>30</arg>
<doc>Waits until the element ``locator`` is visible.</doc>
<status status="PASS" starttime="20221118 11:40:19.711" endtime="20221118 11:40:19.916"/>
</kw>
<status status="PASS" starttime="20221118 11:40:19.707" endtime="20221118 11:40:19.917"/>
</kw>
<msg timestamp="20221118 11:40:19.918" level="INFO">${Status} = True</msg>
<status status="PASS" starttime="20221118 11:40:19.705" endtime="20221118 11:40:19.918"/>
</kw>
<kw name="Aguarda" library="FrameworkAutomation">
<kw name="Sleep" library="BuiltIn">
<arg>1</arg>
<doc>Pauses the test executed for the given time.</doc>
<msg timestamp="20221118 11:40:20.930" level="INFO">Slept 1 second</msg>
<status status="PASS" starttime="20221118 11:40:19.920" endtime="20221118 11:40:20.931"/>
</kw>
<status status="PASS" starttime="20221118 11:40:19.919" endtime="20221118 11:40:20.932"/>
</kw>
<kw name="Run Keyword If" library="BuiltIn">
<arg>'${status}' == 'False'</arg>
<arg>Fatal Error</arg>
<arg>msg=O Elemento '${element}' não encontrado na tela</arg>
<doc>Runs the given keyword with the given arguments, if ``condition`` is true.</doc>
<status status="PASS" starttime="20221118 11:40:20.933" endtime="20221118 11:40:20.936"/>
</kw>
<status status="PASS" starttime="20221118 11:40:19.702" endtime="20221118 11:40:20.937"/>
</kw>
<kw name="Input Text" library="SeleniumLibrary">
<arg>${input}</arg>
<arg>${item}</arg>
<doc>Types the given ``text`` into the text field identified by ``locator``.</doc>
<msg timestamp="20221118 11:40:20.941" level="INFO">Typing text 'Admin' into text field 'xpath=//input[@name='username']'.</msg>
<status status="PASS" starttime="20221118 11:40:20.937" endtime="20221118 11:40:21.369"/>
</kw>
<status status="PASS" starttime="20221118 11:40:19.700" endtime="20221118 11:40:21.370"/>
</kw>
<kw name="Preencher Text" library="FrameworkAutomation">
<arg>${InputSenha}</arg>
<arg>${senha}</arg>
<kw name="Valida Elemento" library="FrameworkAutomation">
<arg>${input}</arg>
<kw name="Run Keyword And Return Status" library="BuiltIn">
<var>${Status}</var>
<arg>Esta Visivel</arg>
<arg>${element}</arg>
<doc>Runs the given keyword with given arguments and returns the status as a Boolean value.</doc>
<kw name="Esta Visivel" library="FrameworkAutomation">
<arg>${element}</arg>
<kw name="Wait Until Element Is Visible" library="SeleniumLibrary">
<arg>${element}</arg>
<arg>30</arg>
<doc>Waits until the element ``locator`` is visible.</doc>
<status status="PASS" starttime="20221118 11:40:21.379" endtime="20221118 11:40:21.484"/>
</kw>
<status status="PASS" starttime="20221118 11:40:21.376" endtime="20221118 11:40:21.485"/>
</kw>
<msg timestamp="20221118 11:40:21.486" level="INFO">${Status} = True</msg>
<status status="PASS" starttime="20221118 11:40:21.375" endtime="20221118 11:40:21.486"/>
</kw>
<kw name="Aguarda" library="FrameworkAutomation">
<kw name="Sleep" library="BuiltIn">
<arg>1</arg>
<doc>Pauses the test executed for the given time.</doc>
<msg timestamp="20221118 11:40:22.493" level="INFO">Slept 1 second</msg>
<status status="PASS" starttime="20221118 11:40:21.488" endtime="20221118 11:40:22.494"/>
</kw>
<status status="PASS" starttime="20221118 11:40:21.486" endtime="20221118 11:40:22.494"/>
</kw>
<kw name="Run Keyword If" library="BuiltIn">
<arg>'${status}' == 'False'</arg>
<arg>Fatal Error</arg>
<arg>msg=O Elemento '${element}' não encontrado na tela</arg>
<doc>Runs the given keyword with the given arguments, if ``condition`` is true.</doc>
<status status="PASS" starttime="20221118 11:40:22.495" endtime="20221118 11:40:22.497"/>
</kw>
<status status="PASS" starttime="20221118 11:40:21.373" endtime="20221118 11:40:22.498"/>
</kw>
<kw name="Input Text" library="SeleniumLibrary">
<arg>${input}</arg>
<arg>${item}</arg>
<doc>Types the given ``text`` into the text field identified by ``locator``.</doc>
<msg timestamp="20221118 11:40:22.502" level="INFO">Typing text 'admin123' into text field 'xpath=//input[@name='password']'.</msg>
<status status="PASS" starttime="20221118 11:40:22.499" endtime="20221118 11:40:23.018"/>
</kw>
<status status="PASS" starttime="20221118 11:40:21.370" endtime="20221118 11:40:23.019"/>
</kw>
<kw name="Print Tela" library="FrameworkAutomation">
<kw name="Capture Page Screenshot" library="SeleniumLibrary">
<doc>Takes a screenshot of the current page and embeds it into a log file.</doc>
<msg timestamp="20221118 11:40:23.413" level="INFO" html="true">&lt;/td&gt;&lt;/tr&gt;&lt;tr&gt;&lt;td colspan="3"&gt;&lt;a href="selenium-screenshot-3.png"&gt;&lt;img src="selenium-screenshot-3.png" width="800px"&gt;&lt;/a&gt;</msg>
<status status="PASS" starttime="20221118 11:40:23.022" endtime="20221118 11:40:23.414"/>
</kw>
<status status="PASS" starttime="20221118 11:40:23.020" endtime="20221118 11:40:23.415"/>
</kw>
<status status="PASS" starttime="20221118 11:40:19.698" endtime="20221118 11:40:23.415"/>
</kw>
<kw name="Então clico em login e valido a pagina" library="StepsAutomation">
<kw name="Click no Item" library="FrameworkAutomation">
<arg>${BtnLogin}</arg>
<kw name="Aguarda" library="FrameworkAutomation">
<kw name="Sleep" library="BuiltIn">
<arg>1</arg>
<doc>Pauses the test executed for the given time.</doc>
<msg timestamp="20221118 11:40:24.438" level="INFO">Slept 1 second</msg>
<status status="PASS" starttime="20221118 11:40:23.429" endtime="20221118 11:40:24.438"/>
</kw>
<status status="PASS" starttime="20221118 11:40:23.427" endtime="20221118 11:40:24.439"/>
</kw>
<kw name="Valida Elemento" library="FrameworkAutomation">
<arg>${item}</arg>
<kw name="Run Keyword And Return Status" library="BuiltIn">
<var>${Status}</var>
<arg>Esta Visivel</arg>
<arg>${element}</arg>
<doc>Runs the given keyword with given arguments and returns the status as a Boolean value.</doc>
<kw name="Esta Visivel" library="FrameworkAutomation">
<arg>${element}</arg>
<kw name="Wait Until Element Is Visible" library="SeleniumLibrary">
<arg>${element}</arg>
<arg>30</arg>
<doc>Waits until the element ``locator`` is visible.</doc>
<status status="PASS" starttime="20221118 11:40:24.444" endtime="20221118 11:40:24.558"/>
</kw>
<status status="PASS" starttime="20221118 11:40:24.443" endtime="20221118 11:40:24.559"/>
</kw>
<msg timestamp="20221118 11:40:24.560" level="INFO">${Status} = True</msg>
<status status="PASS" starttime="20221118 11:40:24.441" endtime="20221118 11:40:24.560"/>
</kw>
<kw name="Aguarda" library="FrameworkAutomation">
<kw name="Sleep" library="BuiltIn">
<arg>1</arg>
<doc>Pauses the test executed for the given time.</doc>
<msg timestamp="20221118 11:40:25.569" level="INFO">Slept 1 second</msg>
<status status="PASS" starttime="20221118 11:40:24.562" endtime="20221118 11:40:25.569"/>
</kw>
<status status="PASS" starttime="20221118 11:40:24.560" endtime="20221118 11:40:25.570"/>
</kw>
<kw name="Run Keyword If" library="BuiltIn">
<arg>'${status}' == 'False'</arg>
<arg>Fatal Error</arg>
<arg>msg=O Elemento '${element}' não encontrado na tela</arg>
<doc>Runs the given keyword with the given arguments, if ``condition`` is true.</doc>
<status status="PASS" starttime="20221118 11:40:25.571" endtime="20221118 11:40:25.572"/>
</kw>
<status status="PASS" starttime="20221118 11:40:24.440" endtime="20221118 11:40:25.573"/>
</kw>
<kw name="Click Element" library="SeleniumLibrary">
<arg>${item}</arg>
<doc>Click the element identified by ``locator``.</doc>
<msg timestamp="20221118 11:40:25.576" level="INFO">Clicking element 'xpath=//button[@type='submit'][contains(.,'Login')]'.</msg>
<status status="PASS" starttime="20221118 11:40:25.573" endtime="20221118 11:40:25.811"/>
</kw>
<status status="PASS" starttime="20221118 11:40:23.425" endtime="20221118 11:40:25.812"/>
</kw>
<kw name="Aguarda" library="FrameworkAutomation">
<kw name="Sleep" library="BuiltIn">
<arg>1</arg>
<doc>Pauses the test executed for the given time.</doc>
<msg timestamp="20221118 11:40:26.822" level="INFO">Slept 1 second</msg>
<status status="PASS" starttime="20221118 11:40:25.815" endtime="20221118 11:40:26.822"/>
</kw>
<status status="PASS" starttime="20221118 11:40:25.813" endtime="20221118 11:40:26.823"/>
</kw>
<kw name="Print Tela" library="FrameworkAutomation">
<kw name="Capture Page Screenshot" library="SeleniumLibrary">
<doc>Takes a screenshot of the current page and embeds it into a log file.</doc>
<msg timestamp="20221118 11:40:29.162" level="INFO" html="true">&lt;/td&gt;&lt;/tr&gt;&lt;tr&gt;&lt;td colspan="3"&gt;&lt;a href="selenium-screenshot-4.png"&gt;&lt;img src="selenium-screenshot-4.png" width="800px"&gt;&lt;/a&gt;</msg>
<status status="PASS" starttime="20221118 11:40:26.826" endtime="20221118 11:40:29.162"/>
</kw>
<status status="PASS" starttime="20221118 11:40:26.824" endtime="20221118 11:40:29.163"/>
</kw>
<kw name="Valida Elemento" library="FrameworkAutomation">
<arg>${ValidLogin}</arg>
<kw name="Run Keyword And Return Status" library="BuiltIn">
<var>${Status}</var>
<arg>Esta Visivel</arg>
<arg>${element}</arg>
<doc>Runs the given keyword with given arguments and returns the status as a Boolean value.</doc>
<kw name="Esta Visivel" library="FrameworkAutomation">
<arg>${element}</arg>
<kw name="Wait Until Element Is Visible" library="SeleniumLibrary">
<arg>${element}</arg>
<arg>30</arg>
<doc>Waits until the element ``locator`` is visible.</doc>
<status status="PASS" starttime="20221118 11:40:29.174" endtime="20221118 11:40:29.436"/>
</kw>
<status status="PASS" starttime="20221118 11:40:29.168" endtime="20221118 11:40:29.438"/>
</kw>
<msg timestamp="20221118 11:40:29.439" level="INFO">${Status} = True</msg>
<status status="PASS" starttime="20221118 11:40:29.167" endtime="20221118 11:40:29.440"/>
</kw>
<kw name="Aguarda" library="FrameworkAutomation">
<kw name="Sleep" library="BuiltIn">
<arg>1</arg>
<doc>Pauses the test executed for the given time.</doc>
<msg timestamp="20221118 11:40:30.451" level="INFO">Slept 1 second</msg>
<status status="PASS" starttime="20221118 11:40:29.443" endtime="20221118 11:40:30.453"/>
</kw>
<status status="PASS" starttime="20221118 11:40:29.441" endtime="20221118 11:40:30.454"/>
</kw>
<kw name="Run Keyword If" library="BuiltIn">
<arg>'${status}' == 'False'</arg>
<arg>Fatal Error</arg>
<arg>msg=O Elemento '${element}' não encontrado na tela</arg>
<doc>Runs the given keyword with the given arguments, if ``condition`` is true.</doc>
<status status="PASS" starttime="20221118 11:40:30.457" endtime="20221118 11:40:30.460"/>
</kw>
<status status="PASS" starttime="20221118 11:40:29.164" endtime="20221118 11:40:30.461"/>
</kw>
<status status="PASS" starttime="20221118 11:40:23.423" endtime="20221118 11:40:30.463"/>
</kw>
<kw name="Stop Recording Test" library="AutoRecorder">
<arg>CT01-Login Com Sucesso</arg>
<doc>End of autorecording</doc>
<msg timestamp="20221118 11:40:30.980" level="INFO" html="true">&lt;a href="recording_1.webm"&gt;&lt;video width="800px" autoplay&gt;&lt;source src="recording_1.webm" type="video/webm"&gt;&lt;/video&gt;&lt;/a&gt;</msg>
<status status="PASS" starttime="20221118 11:40:30.566" endtime="20221118 11:40:30.981"/>
</kw>
<status status="PASS" starttime="20221118 11:39:57.886" endtime="20221118 11:40:30.521"/>
</test>
<test id="s1-t2" name="CT02-Login Com Credencial Invalida" line="23">
<kw name="Abrir navegador" library="FrameworkAutomation" type="SETUP">
<arg>${URL}</arg>
<kw name="Open Browser" library="SeleniumLibrary">
<arg>${tela}</arg>
<arg>chrome</arg>
<doc>Opens a new browser instance to the optional ``url``.</doc>
<msg timestamp="20221118 11:40:33.412" level="INFO">Opening browser 'chrome' to base url 'https://opensource-demo.orangehrmlive.com/web/index.php/auth/login'.</msg>
<status status="PASS" starttime="20221118 11:40:33.409" endtime="20221118 11:40:49.915"/>
</kw>
<kw name="Maximize Browser Window" library="SeleniumLibrary">
<doc>Maximizes current browser window.</doc>
<status status="PASS" starttime="20221118 11:40:49.916" endtime="20221118 11:40:50.210"/>
</kw>
<kw name="Print Tela" library="FrameworkAutomation">
<kw name="Capture Page Screenshot" library="SeleniumLibrary">
<doc>Takes a screenshot of the current page and embeds it into a log file.</doc>
<msg timestamp="20221118 11:40:50.573" level="INFO" html="true">&lt;/td&gt;&lt;/tr&gt;&lt;tr&gt;&lt;td colspan="3"&gt;&lt;a href="selenium-screenshot-5.png"&gt;&lt;img src="selenium-screenshot-5.png" width="800px"&gt;&lt;/a&gt;</msg>
<status status="PASS" starttime="20221118 11:40:50.213" endtime="20221118 11:40:50.574"/>
</kw>
<status status="PASS" starttime="20221118 11:40:50.211" endtime="20221118 11:40:50.575"/>
</kw>
<status status="PASS" starttime="20221118 11:40:33.407" endtime="20221118 11:40:50.575"/>
</kw>
<kw name="Dado que acesso o site OrangeHRM" library="StepsAutomation">
<kw name="Aguarda" library="FrameworkAutomation">
<kw name="Sleep" library="BuiltIn">
<arg>1</arg>
<doc>Pauses the test executed for the given time.</doc>
<msg timestamp="20221118 11:40:51.596" level="INFO">Slept 1 second</msg>
<status status="PASS" starttime="20221118 11:40:50.583" endtime="20221118 11:40:51.597"/>
</kw>
<status status="PASS" starttime="20221118 11:40:50.582" endtime="20221118 11:40:51.597"/>
</kw>
<kw name="Print Tela" library="FrameworkAutomation">
<kw name="Capture Page Screenshot" library="SeleniumLibrary">
<doc>Takes a screenshot of the current page and embeds it into a log file.</doc>
<msg timestamp="20221118 11:40:52.332" level="INFO" html="true">&lt;/td&gt;&lt;/tr&gt;&lt;tr&gt;&lt;td colspan="3"&gt;&lt;a href="selenium-screenshot-6.png"&gt;&lt;img src="selenium-screenshot-6.png" width="800px"&gt;&lt;/a&gt;</msg>
<status status="PASS" starttime="20221118 11:40:51.600" endtime="20221118 11:40:52.333"/>
</kw>
<status status="PASS" starttime="20221118 11:40:51.598" endtime="20221118 11:40:52.334"/>
</kw>
<kw name="Valida Elemento" library="FrameworkAutomation">
<arg>${LogoHome}</arg>
<kw name="Run Keyword And Return Status" library="BuiltIn">
<var>${Status}</var>
<arg>Esta Visivel</arg>
<arg>${element}</arg>
<doc>Runs the given keyword with given arguments and returns the status as a Boolean value.</doc>
<kw name="Esta Visivel" library="FrameworkAutomation">
<arg>${element}</arg>
<kw name="Wait Until Element Is Visible" library="SeleniumLibrary">
<arg>${element}</arg>
<arg>30</arg>
<doc>Waits until the element ``locator`` is visible.</doc>
<status status="PASS" starttime="20221118 11:40:52.342" endtime="20221118 11:40:52.614"/>
</kw>
<status status="PASS" starttime="20221118 11:40:52.339" endtime="20221118 11:40:52.614"/>
</kw>
<msg timestamp="20221118 11:40:52.615" level="INFO">${Status} = True</msg>
<status status="PASS" starttime="20221118 11:40:52.337" endtime="20221118 11:40:52.615"/>
</kw>
<kw name="Aguarda" library="FrameworkAutomation">
<kw name="Sleep" library="BuiltIn">
<arg>1</arg>
<doc>Pauses the test executed for the given time.</doc>
<msg timestamp="20221118 11:40:53.633" level="INFO">Slept 1 second</msg>
<status status="PASS" starttime="20221118 11:40:52.618" endtime="20221118 11:40:53.633"/>
</kw>
<status status="PASS" starttime="20221118 11:40:52.616" endtime="20221118 11:40:53.634"/>
</kw>
<kw name="Run Keyword If" library="BuiltIn">
<arg>'${status}' == 'False'</arg>
<arg>Fatal Error</arg>
<arg>msg=O Elemento '${element}' não encontrado na tela</arg>
<doc>Runs the given keyword with the given arguments, if ``condition`` is true.</doc>
<status status="PASS" starttime="20221118 11:40:53.635" endtime="20221118 11:40:53.636"/>
</kw>
<status status="PASS" starttime="20221118 11:40:52.335" endtime="20221118 11:40:53.637"/>
</kw>
<status status="PASS" starttime="20221118 11:40:50.579" endtime="20221118 11:40:53.638"/>
</kw>
<kw name="Quando preencho Username &quot;Larissa&quot; E a senha &quot;admin123&quot;" library="StepsAutomation" sourcename="Quando preencho Username &quot;${name}&quot; E a senha &quot;${senha}&quot;">
<kw name="Preencher Text" library="FrameworkAutomation">
<arg>${InputUser}</arg>
<arg>${name}</arg>
<kw name="Valida Elemento" library="FrameworkAutomation">
<arg>${input}</arg>
<kw name="Run Keyword And Return Status" library="BuiltIn">
<var>${Status}</var>
<arg>Esta Visivel</arg>
<arg>${element}</arg>
<doc>Runs the given keyword with given arguments and returns the status as a Boolean value.</doc>
<kw name="Esta Visivel" library="FrameworkAutomation">
<arg>${element}</arg>
<kw name="Wait Until Element Is Visible" library="SeleniumLibrary">
<arg>${element}</arg>
<arg>30</arg>
<doc>Waits until the element ``locator`` is visible.</doc>
<status status="PASS" starttime="20221118 11:40:53.653" endtime="20221118 11:40:53.867"/>
</kw>
<status status="PASS" starttime="20221118 11:40:53.650" endtime="20221118 11:40:53.867"/>
</kw>
<msg timestamp="20221118 11:40:53.868" level="INFO">${Status} = True</msg>
<status status="PASS" starttime="20221118 11:40:53.648" endtime="20221118 11:40:53.868"/>
</kw>
<kw name="Aguarda" library="FrameworkAutomation">
<kw name="Sleep" library="BuiltIn">
<arg>1</arg>
<doc>Pauses the test executed for the given time.</doc>
<msg timestamp="20221118 11:40:54.877" level="INFO">Slept 1 second</msg>
<status status="PASS" starttime="20221118 11:40:53.871" endtime="20221118 11:40:54.877"/>
</kw>
<status status="PASS" starttime="20221118 11:40:53.869" endtime="20221118 11:40:54.878"/>
</kw>
<kw name="Run Keyword If" library="BuiltIn">
<arg>'${status}' == 'False'</arg>
<arg>Fatal Error</arg>
<arg>msg=O Elemento '${element}' não encontrado na tela</arg>
<doc>Runs the given keyword with the given arguments, if ``condition`` is true.</doc>
<status status="PASS" starttime="20221118 11:40:54.879" endtime="20221118 11:40:54.880"/>
</kw>
<status status="PASS" starttime="20221118 11:40:53.644" endtime="20221118 11:40:54.881"/>
</kw>
<kw name="Input Text" library="SeleniumLibrary">
<arg>${input}</arg>
<arg>${item}</arg>
<doc>Types the given ``text`` into the text field identified by ``locator``.</doc>
<msg timestamp="20221118 11:40:54.884" level="INFO">Typing text 'Larissa' into text field 'xpath=//input[@name='username']'.</msg>
<status status="PASS" starttime="20221118 11:40:54.882" endtime="20221118 11:40:55.736"/>
</kw>
<status status="PASS" starttime="20221118 11:40:53.642" endtime="20221118 11:40:55.737"/>
</kw>
<kw name="Preencher Text" library="FrameworkAutomation">
<arg>${InputSenha}</arg>
<arg>${senha}</arg>
<kw name="Valida Elemento" library="FrameworkAutomation">
<arg>${input}</arg>
<kw name="Run Keyword And Return Status" library="BuiltIn">
<var>${Status}</var>
<arg>Esta Visivel</arg>
<arg>${element}</arg>
<doc>Runs the given keyword with given arguments and returns the status as a Boolean value.</doc>
<kw name="Esta Visivel" library="FrameworkAutomation">
<arg>${element}</arg>
<kw name="Wait Until Element Is Visible" library="SeleniumLibrary">
<arg>${element}</arg>
<arg>30</arg>
<doc>Waits until the element ``locator`` is visible.</doc>
<status status="PASS" starttime="20221118 11:40:55.747" endtime="20221118 11:40:55.899"/>
</kw>
<status status="PASS" starttime="20221118 11:40:55.744" endtime="20221118 11:40:55.900"/>
</kw>
<msg timestamp="20221118 11:40:55.901" level="INFO">${Status} = True</msg>
<status status="PASS" starttime="20221118 11:40:55.742" endtime="20221118 11:40:55.901"/>
</kw>
<kw name="Aguarda" library="FrameworkAutomation">
<kw name="Sleep" library="BuiltIn">
<arg>1</arg>
<doc>Pauses the test executed for the given time.</doc>
<msg timestamp="20221118 11:40:56.916" level="INFO">Slept 1 second</msg>
<status status="PASS" starttime="20221118 11:40:55.905" endtime="20221118 11:40:56.916"/>
</kw>
<status status="PASS" starttime="20221118 11:40:55.902" endtime="20221118 11:40:56.917"/>
</kw>
<kw name="Run Keyword If" library="BuiltIn">
<arg>'${status}' == 'False'</arg>
<arg>Fatal Error</arg>
<arg>msg=O Elemento '${element}' não encontrado na tela</arg>
<doc>Runs the given keyword with the given arguments, if ``condition`` is true.</doc>
<status status="PASS" starttime="20221118 11:40:56.919" endtime="20221118 11:40:56.922"/>
</kw>
<status status="PASS" starttime="20221118 11:40:55.740" endtime="20221118 11:40:56.922"/>
</kw>
<kw name="Input Text" library="SeleniumLibrary">
<arg>${input}</arg>
<arg>${item}</arg>
<doc>Types the given ``text`` into the text field identified by ``locator``.</doc>
<msg timestamp="20221118 11:40:56.925" level="INFO">Typing text 'admin123' into text field 'xpath=//input[@name='password']'.</msg>
<status status="PASS" starttime="20221118 11:40:56.923" endtime="20221118 11:40:57.408"/>
</kw>
<status status="PASS" starttime="20221118 11:40:55.738" endtime="20221118 11:40:57.409"/>
</kw>
<kw name="Print Tela" library="FrameworkAutomation">
<kw name="Capture Page Screenshot" library="SeleniumLibrary">
<doc>Takes a screenshot of the current page and embeds it into a log file.</doc>
<msg timestamp="20221118 11:40:57.809" level="INFO" html="true">&lt;/td&gt;&lt;/tr&gt;&lt;tr&gt;&lt;td colspan="3"&gt;&lt;a href="selenium-screenshot-7.png"&gt;&lt;img src="selenium-screenshot-7.png" width="800px"&gt;&lt;/a&gt;</msg>
<status status="PASS" starttime="20221118 11:40:57.413" endtime="20221118 11:40:57.809"/>
</kw>
<status status="PASS" starttime="20221118 11:40:57.410" endtime="20221118 11:40:57.811"/>
</kw>
<status status="PASS" starttime="20221118 11:40:53.640" endtime="20221118 11:40:57.812"/>
</kw>
<kw name="Então clico em login e aparece a mensagem &quot;Invalid credentials&quot;" library="StepsAutomation" sourcename="Então clico em login e aparece a mensagem &quot;${msg}&quot;">
<kw name="Click no Item" library="FrameworkAutomation">
<arg>${BtnLogin}</arg>
<kw name="Aguarda" library="FrameworkAutomation">
<kw name="Sleep" library="BuiltIn">
<arg>1</arg>
<doc>Pauses the test executed for the given time.</doc>
<msg timestamp="20221118 11:40:58.835" level="INFO">Slept 1 second</msg>
<status status="PASS" starttime="20221118 11:40:57.830" endtime="20221118 11:40:58.835"/>
</kw>
<status status="PASS" starttime="20221118 11:40:57.828" endtime="20221118 11:40:58.836"/>
</kw>
<kw name="Valida Elemento" library="FrameworkAutomation">
<arg>${item}</arg>
<kw name="Run Keyword And Return Status" library="BuiltIn">
<var>${Status}</var>
<arg>Esta Visivel</arg>
<arg>${element}</arg>
<doc>Runs the given keyword with given arguments and returns the status as a Boolean value.</doc>
<kw name="Esta Visivel" library="FrameworkAutomation">
<arg>${element}</arg>
<kw name="Wait Until Element Is Visible" library="SeleniumLibrary">
<arg>${element}</arg>
<arg>30</arg>
<doc>Waits until the element ``locator`` is visible.</doc>
<status status="PASS" starttime="20221118 11:40:58.844" endtime="20221118 11:40:58.955"/>
</kw>
<status status="PASS" starttime="20221118 11:40:58.841" endtime="20221118 11:40:58.956"/>
</kw>
<msg timestamp="20221118 11:40:58.956" level="INFO">${Status} = True</msg>
<status status="PASS" starttime="20221118 11:40:58.839" endtime="20221118 11:40:58.956"/>
</kw>
<kw name="Aguarda" library="FrameworkAutomation">
<kw name="Sleep" library="BuiltIn">
<arg>1</arg>
<doc>Pauses the test executed for the given time.</doc>
<msg timestamp="20221118 11:40:59.969" level="INFO">Slept 1 second</msg>
<status status="PASS" starttime="20221118 11:40:58.959" endtime="20221118 11:40:59.970"/>
</kw>
<status status="PASS" starttime="20221118 11:40:58.957" endtime="20221118 11:40:59.971"/>
</kw>
<kw name="Run Keyword If" library="BuiltIn">
<arg>'${status}' == 'False'</arg>
<arg>Fatal Error</arg>
<arg>msg=O Elemento '${element}' não encontrado na tela</arg>
<doc>Runs the given keyword with the given arguments, if ``condition`` is true.</doc>
<status status="PASS" starttime="20221118 11:40:59.972" endtime="20221118 11:40:59.974"/>
</kw>
<status status="PASS" starttime="20221118 11:40:58.837" endtime="20221118 11:40:59.974"/>
</kw>
<kw name="Click Element" library="SeleniumLibrary">
<arg>${item}</arg>
<doc>Click the element identified by ``locator``.</doc>
<msg timestamp="20221118 11:40:59.977" level="INFO">Clicking element 'xpath=//button[@type='submit'][contains(.,'Login')]'.</msg>
<status status="PASS" starttime="20221118 11:40:59.975" endtime="20221118 11:41:00.310"/>
</kw>
<status status="PASS" starttime="20221118 11:40:57.826" endtime="20221118 11:41:00.310"/>
</kw>
<kw name="Aguarda" library="FrameworkAutomation">
<kw name="Sleep" library="BuiltIn">
<arg>1</arg>
<doc>Pauses the test executed for the given time.</doc>
<msg timestamp="20221118 11:41:01.323" level="INFO">Slept 1 second</msg>
<status status="PASS" starttime="20221118 11:41:00.313" endtime="20221118 11:41:01.324"/>
</kw>
<status status="PASS" starttime="20221118 11:41:00.311" endtime="20221118 11:41:01.327"/>
</kw>
<kw name="Print Tela" library="FrameworkAutomation">
<kw name="Capture Page Screenshot" library="SeleniumLibrary">
<doc>Takes a screenshot of the current page and embeds it into a log file.</doc>
<msg timestamp="20221118 11:41:02.534" level="INFO" html="true">&lt;/td&gt;&lt;/tr&gt;&lt;tr&gt;&lt;td colspan="3"&gt;&lt;a href="selenium-screenshot-8.png"&gt;&lt;img src="selenium-screenshot-8.png" width="800px"&gt;&lt;/a&gt;</msg>
<status status="PASS" starttime="20221118 11:41:01.330" endtime="20221118 11:41:02.535"/>
</kw>
<status status="PASS" starttime="20221118 11:41:01.328" endtime="20221118 11:41:02.536"/>
</kw>
<kw name="Verifica Se Contem o Texto" library="FrameworkAutomation">
<arg>${InvalidLogin}</arg>
<arg>${msg}</arg>
<kw name="Valida Elemento" library="FrameworkAutomation">
<arg>${element}</arg>
<kw name="Run Keyword And Return Status" library="BuiltIn">
<var>${Status}</var>
<arg>Esta Visivel</arg>
<arg>${element}</arg>
<doc>Runs the given keyword with given arguments and returns the status as a Boolean value.</doc>
<kw name="Esta Visivel" library="FrameworkAutomation">
<arg>${element}</arg>
<kw name="Wait Until Element Is Visible" library="SeleniumLibrary">
<arg>${element}</arg>
<arg>30</arg>
<doc>Waits until the element ``locator`` is visible.</doc>
<status status="PASS" starttime="20221118 11:41:02.546" endtime="20221118 11:41:02.648"/>
</kw>
<status status="PASS" starttime="20221118 11:41:02.544" endtime="20221118 11:41:02.649"/>
</kw>
<msg timestamp="20221118 11:41:02.649" level="INFO">${Status} = True</msg>
<status status="PASS" starttime="20221118 11:41:02.543" endtime="20221118 11:41:02.650"/>
</kw>
<kw name="Aguarda" library="FrameworkAutomation">
<kw name="Sleep" library="BuiltIn">
<arg>1</arg>
<doc>Pauses the test executed for the given time.</doc>
<msg timestamp="20221118 11:41:03.657" level="INFO">Slept 1 second</msg>
<status status="PASS" starttime="20221118 11:41:02.652" endtime="20221118 11:41:03.657"/>
</kw>
<status status="PASS" starttime="20221118 11:41:02.650" endtime="20221118 11:41:03.659"/>
</kw>
<kw name="Run Keyword If" library="BuiltIn">
<arg>'${status}' == 'False'</arg>
<arg>Fatal Error</arg>
<arg>msg=O Elemento '${element}' não encontrado na tela</arg>
<doc>Runs the given keyword with the given arguments, if ``condition`` is true.</doc>
<status status="PASS" starttime="20221118 11:41:03.660" endtime="20221118 11:41:03.662"/>
</kw>
<status status="PASS" starttime="20221118 11:41:02.540" endtime="20221118 11:41:03.663"/>
</kw>
<kw name="Element Should Contain" library="SeleniumLibrary">
<arg>${element}</arg>
<arg>${text}</arg>
<doc>Verifies that element ``locator`` contains text ``expected``.</doc>
<msg timestamp="20221118 11:41:03.772" level="INFO">Element 'xpath=//div[@class='oxd-alert-content oxd-alert-content--error'][contains(.,'Invalid credentials')]' contains text 'Invalid credentials'.</msg>
<status status="PASS" starttime="20221118 11:41:03.664" endtime="20221118 11:41:03.773"/>
</kw>
<status status="PASS" starttime="20221118 11:41:02.537" endtime="20221118 11:41:03.774"/>
</kw>
<status status="PASS" starttime="20221118 11:40:57.823" endtime="20221118 11:41:03.775"/>
</kw>
<kw name="Stop Recording Test" library="AutoRecorder">
<arg>CT02-Login Com Credencial Invalida</arg>
<doc>End of autorecording</doc>
<msg timestamp="20221118 11:41:03.943" level="INFO" html="true">&lt;a href="recording_2.webm"&gt;&lt;video width="800px" autoplay&gt;&lt;source src="recording_2.webm" type="video/webm"&gt;&lt;/video&gt;&lt;/a&gt;</msg>
<status status="PASS" starttime="20221118 11:41:03.780" endtime="20221118 11:41:03.944"/>
</kw>
<status status="PASS" starttime="20221118 11:40:30.990" endtime="20221118 11:41:03.777"/>
</test>
<test id="s1-t3" name="CT03-Login Sem Preenchimento" line="30">
<kw name="Abrir navegador" library="FrameworkAutomation" type="SETUP">
<arg>${URL}</arg>
<kw name="Open Browser" library="SeleniumLibrary">
<arg>${tela}</arg>
<arg>chrome</arg>
<doc>Opens a new browser instance to the optional ``url``.</doc>
<msg timestamp="20221118 11:41:06.609" level="INFO">Opening browser 'chrome' to base url 'https://opensource-demo.orangehrmlive.com/web/index.php/auth/login'.</msg>
<status status="PASS" starttime="20221118 11:41:06.606" endtime="20221118 11:41:20.734"/>
</kw>
<kw name="Maximize Browser Window" library="SeleniumLibrary">
<doc>Maximizes current browser window.</doc>
<status status="PASS" starttime="20221118 11:41:20.735" endtime="20221118 11:41:21.007"/>
</kw>
<kw name="Print Tela" library="FrameworkAutomation">
<kw name="Capture Page Screenshot" library="SeleniumLibrary">
<doc>Takes a screenshot of the current page and embeds it into a log file.</doc>
<msg timestamp="20221118 11:41:21.426" level="INFO" html="true">&lt;/td&gt;&lt;/tr&gt;&lt;tr&gt;&lt;td colspan="3"&gt;&lt;a href="selenium-screenshot-9.png"&gt;&lt;img src="selenium-screenshot-9.png" width="800px"&gt;&lt;/a&gt;</msg>
<status status="PASS" starttime="20221118 11:41:21.010" endtime="20221118 11:41:21.427"/>
</kw>
<status status="PASS" starttime="20221118 11:41:21.008" endtime="20221118 11:41:21.427"/>
</kw>
<status status="PASS" starttime="20221118 11:41:06.603" endtime="20221118 11:41:21.428"/>
</kw>
<kw name="Dado que acesso o site OrangeHRM" library="StepsAutomation">
<kw name="Aguarda" library="FrameworkAutomation">
<kw name="Sleep" library="BuiltIn">
<arg>1</arg>
<doc>Pauses the test executed for the given time.</doc>
<msg timestamp="20221118 11:41:22.462" level="INFO">Slept 1 second</msg>
<status status="PASS" starttime="20221118 11:41:21.451" endtime="20221118 11:41:22.463"/>
</kw>
<status status="PASS" starttime="20221118 11:41:21.448" endtime="20221118 11:41:22.464"/>
</kw>
<kw name="Print Tela" library="FrameworkAutomation">
<kw name="Capture Page Screenshot" library="SeleniumLibrary">
<doc>Takes a screenshot of the current page and embeds it into a log file.</doc>
<msg timestamp="20221118 11:41:24.333" level="INFO" html="true">&lt;/td&gt;&lt;/tr&gt;&lt;tr&gt;&lt;td colspan="3"&gt;&lt;a href="selenium-screenshot-10.png"&gt;&lt;img src="selenium-screenshot-10.png" width="800px"&gt;&lt;/a&gt;</msg>
<status status="PASS" starttime="20221118 11:41:22.466" endtime="20221118 11:41:24.333"/>
</kw>
<status status="PASS" starttime="20221118 11:41:22.464" endtime="20221118 11:41:24.334"/>
</kw>
<kw name="Valida Elemento" library="FrameworkAutomation">
<arg>${LogoHome}</arg>
<kw name="Run Keyword And Return Status" library="BuiltIn">
<var>${Status}</var>
<arg>Esta Visivel</arg>
<arg>${element}</arg>
<doc>Runs the given keyword with given arguments and returns the status as a Boolean value.</doc>
<kw name="Esta Visivel" library="FrameworkAutomation">
<arg>${element}</arg>
<kw name="Wait Until Element Is Visible" library="SeleniumLibrary">
<arg>${element}</arg>
<arg>30</arg>
<doc>Waits until the element ``locator`` is visible.</doc>
<status status="PASS" starttime="20221118 11:41:24.341" endtime="20221118 11:41:24.653"/>
</kw>
<status status="PASS" starttime="20221118 11:41:24.339" endtime="20221118 11:41:24.654"/>
</kw>
<msg timestamp="20221118 11:41:24.655" level="INFO">${Status} = True</msg>
<status status="PASS" starttime="20221118 11:41:24.337" endtime="20221118 11:41:24.655"/>
</kw>
<kw name="Aguarda" library="FrameworkAutomation">
<kw name="Sleep" library="BuiltIn">
<arg>1</arg>
<doc>Pauses the test executed for the given time.</doc>
<msg timestamp="20221118 11:41:25.671" level="INFO">Slept 1 second</msg>
<status status="PASS" starttime="20221118 11:41:24.657" endtime="20221118 11:41:25.671"/>
</kw>
<status status="PASS" starttime="20221118 11:41:24.656" endtime="20221118 11:41:25.672"/>
</kw>
<kw name="Run Keyword If" library="BuiltIn">
<arg>'${status}' == 'False'</arg>
<arg>Fatal Error</arg>
<arg>msg=O Elemento '${element}' não encontrado na tela</arg>
<doc>Runs the given keyword with the given arguments, if ``condition`` is true.</doc>
<status status="PASS" starttime="20221118 11:41:25.673" endtime="20221118 11:41:25.674"/>
</kw>
<status status="PASS" starttime="20221118 11:41:24.335" endtime="20221118 11:41:25.675"/>
</kw>
<status status="PASS" starttime="20221118 11:41:21.445" endtime="20221118 11:41:25.676"/>
</kw>
<kw name="Quando eu clico no botão Login sem preencher UserName e Password recebo a mensagem que os campos são &quot;Required&quot;" library="StepsAutomation" sourcename="Quando eu clico no botão Login sem preencher UserName e Password recebo a mensagem que os campos são &quot;${required}&quot;">
<kw name="Click no Item" library="FrameworkAutomation">
<arg>${BtnLogin}</arg>
<kw name="Aguarda" library="FrameworkAutomation">
<kw name="Sleep" library="BuiltIn">
<arg>1</arg>
<doc>Pauses the test executed for the given time.</doc>
<msg timestamp="20221118 11:41:26.705" level="INFO">Slept 1 second</msg>
<status status="PASS" starttime="20221118 11:41:25.698" endtime="20221118 11:41:26.706"/>
</kw>
<status status="PASS" starttime="20221118 11:41:25.697" endtime="20221118 11:41:26.706"/>
</kw>
<kw name="Valida Elemento" library="FrameworkAutomation">
<arg>${item}</arg>
<kw name="Run Keyword And Return Status" library="BuiltIn">
<var>${Status}</var>
<arg>Esta Visivel</arg>
<arg>${element}</arg>
<doc>Runs the given keyword with given arguments and returns the status as a Boolean value.</doc>
<kw name="Esta Visivel" library="FrameworkAutomation">
<arg>${element}</arg>
<kw name="Wait Until Element Is Visible" library="SeleniumLibrary">
<arg>${element}</arg>
<arg>30</arg>
<doc>Waits until the element ``locator`` is visible.</doc>
<status status="PASS" starttime="20221118 11:41:26.713" endtime="20221118 11:41:26.857"/>
</kw>
<status status="PASS" starttime="20221118 11:41:26.711" endtime="20221118 11:41:26.858"/>
</kw>
<msg timestamp="20221118 11:41:26.858" level="INFO">${Status} = True</msg>
<status status="PASS" starttime="20221118 11:41:26.709" endtime="20221118 11:41:26.858"/>
</kw>
<kw name="Aguarda" library="FrameworkAutomation">
<kw name="Sleep" library="BuiltIn">
<arg>1</arg>
<doc>Pauses the test executed for the given time.</doc>
<msg timestamp="20221118 11:41:27.881" level="INFO">Slept 1 second</msg>
<status status="PASS" starttime="20221118 11:41:26.863" endtime="20221118 11:41:27.881"/>
</kw>
<status status="PASS" starttime="20221118 11:41:26.859" endtime="20221118 11:41:27.882"/>
</kw>
<kw name="Run Keyword If" library="BuiltIn">
<arg>'${status}' == 'False'</arg>
<arg>Fatal Error</arg>
<arg>msg=O Elemento '${element}' não encontrado na tela</arg>
<doc>Runs the given keyword with the given arguments, if ``condition`` is true.</doc>
<status status="PASS" starttime="20221118 11:41:27.884" endtime="20221118 11:41:27.886"/>
</kw>
<status status="PASS" starttime="20221118 11:41:26.707" endtime="20221118 11:41:27.886"/>
</kw>
<kw name="Click Element" library="SeleniumLibrary">
<arg>${item}</arg>
<doc>Click the element identified by ``locator``.</doc>
<msg timestamp="20221118 11:41:27.890" level="INFO">Clicking element 'xpath=//button[@type='submit'][contains(.,'Login')]'.</msg>
<status status="PASS" starttime="20221118 11:41:27.887" endtime="20221118 11:41:28.249"/>
</kw>
<status status="PASS" starttime="20221118 11:41:25.694" endtime="20221118 11:41:28.250"/>
</kw>
<kw name="Aguarda" library="FrameworkAutomation">
<kw name="Sleep" library="BuiltIn">
<arg>1</arg>
<doc>Pauses the test executed for the given time.</doc>
<msg timestamp="20221118 11:41:29.270" level="INFO">Slept 1 second</msg>
<status status="PASS" starttime="20221118 11:41:28.253" endtime="20221118 11:41:29.271"/>
</kw>
<status status="PASS" starttime="20221118 11:41:28.251" endtime="20221118 11:41:29.271"/>
</kw>
<kw name="Print Tela" library="FrameworkAutomation">
<kw name="Capture Page Screenshot" library="SeleniumLibrary">
<doc>Takes a screenshot of the current page and embeds it into a log file.</doc>
<msg timestamp="20221118 11:41:29.645" level="INFO" html="true">&lt;/td&gt;&lt;/tr&gt;&lt;tr&gt;&lt;td colspan="3"&gt;&lt;a href="selenium-screenshot-11.png"&gt;&lt;img src="selenium-screenshot-11.png" width="800px"&gt;&lt;/a&gt;</msg>
<status status="PASS" starttime="20221118 11:41:29.274" endtime="20221118 11:41:29.645"/>
</kw>
<status status="PASS" starttime="20221118 11:41:29.272" endtime="20221118 11:41:29.646"/>
</kw>
<kw name="Verifica Se Contem o Texto" library="FrameworkAutomation">
<arg>${RequiredUser}</arg>
<arg>${required}</arg>
<kw name="Valida Elemento" library="FrameworkAutomation">
<arg>${element}</arg>
<kw name="Run Keyword And Return Status" library="BuiltIn">
<var>${Status}</var>
<arg>Esta Visivel</arg>
<arg>${element}</arg>
<doc>Runs the given keyword with given arguments and returns the status as a Boolean value.</doc>
<kw name="Esta Visivel" library="FrameworkAutomation">
<arg>${element}</arg>
<kw name="Wait Until Element Is Visible" library="SeleniumLibrary">
<arg>${element}</arg>
<arg>30</arg>
<doc>Waits until the element ``locator`` is visible.</doc>
<status status="PASS" starttime="20221118 11:41:29.656" endtime="20221118 11:41:29.770"/>
</kw>
<status status="PASS" starttime="20221118 11:41:29.654" endtime="20221118 11:41:29.771"/>
</kw>
<msg timestamp="20221118 11:41:29.771" level="INFO">${Status} = True</msg>
<status status="PASS" starttime="20221118 11:41:29.653" endtime="20221118 11:41:29.772"/>
</kw>
<kw name="Aguarda" library="FrameworkAutomation">
<kw name="Sleep" library="BuiltIn">
<arg>1</arg>
<doc>Pauses the test executed for the given time.</doc>
<msg timestamp="20221118 11:41:30.780" level="INFO">Slept 1 second</msg>
<status status="PASS" starttime="20221118 11:41:29.774" endtime="20221118 11:41:30.781"/>
</kw>
<status status="PASS" starttime="20221118 11:41:29.772" endtime="20221118 11:41:30.782"/>
</kw>
<kw name="Run Keyword If" library="BuiltIn">
<arg>'${status}' == 'False'</arg>
<arg>Fatal Error</arg>
<arg>msg=O Elemento '${element}' não encontrado na tela</arg>
<doc>Runs the given keyword with the given arguments, if ``condition`` is true.</doc>
<status status="PASS" starttime="20221118 11:41:30.783" endtime="20221118 11:41:30.785"/>
</kw>
<status status="PASS" starttime="20221118 11:41:29.650" endtime="20221118 11:41:30.786"/>
</kw>
<kw name="Element Should Contain" library="SeleniumLibrary">
<arg>${element}</arg>
<arg>${text}</arg>
<doc>Verifies that element ``locator`` contains text ``expected``.</doc>
<msg timestamp="20221118 11:41:30.894" level="INFO">Element 'xpath=//input[@name="username"]/../../span' contains text 'Required'.</msg>
<status status="PASS" starttime="20221118 11:41:30.787" endtime="20221118 11:41:30.895"/>
</kw>
<status status="PASS" starttime="20221118 11:41:29.647" endtime="20221118 11:41:30.895"/>
</kw>
<kw name="Verifica Se Contem o Texto" library="FrameworkAutomation">
<arg>${RequiredPsw}</arg>
<arg>${required}</arg>
<kw name="Valida Elemento" library="FrameworkAutomation">
<arg>${element}</arg>
<kw name="Run Keyword And Return Status" library="BuiltIn">
<var>${Status}</var>
<arg>Esta Visivel</arg>
<arg>${element}</arg>
<doc>Runs the given keyword with given arguments and returns the status as a Boolean value.</doc>
<kw name="Esta Visivel" library="FrameworkAutomation">
<arg>${element}</arg>
<kw name="Wait Until Element Is Visible" library="SeleniumLibrary">
<arg>${element}</arg>
<arg>30</arg>
<doc>Waits until the element ``locator`` is visible.</doc>
<status status="PASS" starttime="20221118 11:41:30.903" endtime="20221118 11:41:31.002"/>
</kw>
<status status="PASS" starttime="20221118 11:41:30.901" endtime="20221118 11:41:31.002"/>
</kw>
<msg timestamp="20221118 11:41:31.003" level="INFO">${Status} = True</msg>
<status status="PASS" starttime="20221118 11:41:30.900" endtime="20221118 11:41:31.003"/>
</kw>
<kw name="Aguarda" library="FrameworkAutomation">
<kw name="Sleep" library="BuiltIn">
<arg>1</arg>
<doc>Pauses the test executed for the given time.</doc>
<msg timestamp="20221118 11:41:32.010" level="INFO">Slept 1 second</msg>
<status status="PASS" starttime="20221118 11:41:31.006" endtime="20221118 11:41:32.010"/>
</kw>
<status status="PASS" starttime="20221118 11:41:31.004" endtime="20221118 11:41:32.011"/>
</kw>
<kw name="Run Keyword If" library="BuiltIn">
<arg>'${status}' == 'False'</arg>
<arg>Fatal Error</arg>
<arg>msg=O Elemento '${element}' não encontrado na tela</arg>
<doc>Runs the given keyword with the given arguments, if ``condition`` is true.</doc>
<status status="PASS" starttime="20221118 11:41:32.012" endtime="20221118 11:41:32.014"/>
</kw>
<status status="PASS" starttime="20221118 11:41:30.898" endtime="20221118 11:41:32.015"/>
</kw>
<kw name="Element Should Contain" library="SeleniumLibrary">
<arg>${element}</arg>
<arg>${text}</arg>
<doc>Verifies that element ``locator`` contains text ``expected``.</doc>
<msg timestamp="20221118 11:41:32.107" level="INFO">Element 'xpath=//input[@name="password"]/../../span' contains text 'Required'.</msg>
<status status="PASS" starttime="20221118 11:41:32.017" endtime="20221118 11:41:32.108"/>
</kw>
<status status="PASS" starttime="20221118 11:41:30.896" endtime="20221118 11:41:32.108"/>
</kw>
<status status="PASS" starttime="20221118 11:41:25.692" endtime="20221118 11:41:32.109"/>
</kw>
<kw name="E preencho UserName &quot;Admin&quot; e clico Login recebo a mensagem &quot;Required&quot;" library="StepsAutomation" sourcename="E preencho UserName &quot;${user}&quot; e clico Login recebo a mensagem &quot;${required}&quot;">
<kw name="Preencher Text" library="FrameworkAutomation">
<arg>${InputUser}</arg>
<arg>${user}</arg>
<kw name="Valida Elemento" library="FrameworkAutomation">
<arg>${input}</arg>
<kw name="Run Keyword And Return Status" library="BuiltIn">
<var>${Status}</var>
<arg>Esta Visivel</arg>
<arg>${element}</arg>
<doc>Runs the given keyword with given arguments and returns the status as a Boolean value.</doc>
<kw name="Esta Visivel" library="FrameworkAutomation">
<arg>${element}</arg>
<kw name="Wait Until Element Is Visible" library="SeleniumLibrary">
<arg>${element}</arg>
<arg>30</arg>
<doc>Waits until the element ``locator`` is visible.</doc>
<status status="PASS" starttime="20221118 11:41:32.124" endtime="20221118 11:41:32.365"/>
</kw>
<status status="PASS" starttime="20221118 11:41:32.121" endtime="20221118 11:41:32.366"/>
</kw>
<msg timestamp="20221118 11:41:32.367" level="INFO">${Status} = True</msg>
<status status="PASS" starttime="20221118 11:41:32.120" endtime="20221118 11:41:32.367"/>
</kw>
<kw name="Aguarda" library="FrameworkAutomation">
<kw name="Sleep" library="BuiltIn">
<arg>1</arg>
<doc>Pauses the test executed for the given time.</doc>
<msg timestamp="20221118 11:41:33.380" level="INFO">Slept 1 second</msg>
<status status="PASS" starttime="20221118 11:41:32.370" endtime="20221118 11:41:33.380"/>
</kw>
<status status="PASS" starttime="20221118 11:41:32.368" endtime="20221118 11:41:33.381"/>
</kw>
<kw name="Run Keyword If" library="BuiltIn">
<arg>'${status}' == 'False'</arg>
<arg>Fatal Error</arg>
<arg>msg=O Elemento '${element}' não encontrado na tela</arg>
<doc>Runs the given keyword with the given arguments, if ``condition`` is true.</doc>
<status status="PASS" starttime="20221118 11:41:33.382" endtime="20221118 11:41:33.384"/>
</kw>
<status status="PASS" starttime="20221118 11:41:32.117" endtime="20221118 11:41:33.385"/>
</kw>
<kw name="Input Text" library="SeleniumLibrary">
<arg>${input}</arg>
<arg>${item}</arg>
<doc>Types the given ``text`` into the text field identified by ``locator``.</doc>
<msg timestamp="20221118 11:41:33.389" level="INFO">Typing text 'Admin' into text field 'xpath=//input[@name='username']'.</msg>
<status status="PASS" starttime="20221118 11:41:33.386" endtime="20221118 11:41:34.021"/>
</kw>
<status status="PASS" starttime="20221118 11:41:32.114" endtime="20221118 11:41:34.022"/>
</kw>
<kw name="Click no Item" library="FrameworkAutomation">
<arg>${BtnLogin}</arg>
<kw name="Aguarda" library="FrameworkAutomation">
<kw name="Sleep" library="BuiltIn">
<arg>1</arg>
<doc>Pauses the test executed for the given time.</doc>
<msg timestamp="20221118 11:41:35.041" level="INFO">Slept 1 second</msg>
<status status="PASS" starttime="20221118 11:41:34.028" endtime="20221118 11:41:35.042"/>
</kw>
<status status="PASS" starttime="20221118 11:41:34.025" endtime="20221118 11:41:35.043"/>
</kw>
<kw name="Valida Elemento" library="FrameworkAutomation">
<arg>${item}</arg>
<kw name="Run Keyword And Return Status" library="BuiltIn">
<var>${Status}</var>
<arg>Esta Visivel</arg>
<arg>${element}</arg>
<doc>Runs the given keyword with given arguments and returns the status as a Boolean value.</doc>
<kw name="Esta Visivel" library="FrameworkAutomation">
<arg>${element}</arg>
<kw name="Wait Until Element Is Visible" library="SeleniumLibrary">
<arg>${element}</arg>
<arg>30</arg>
<doc>Waits until the element ``locator`` is visible.</doc>
<status status="PASS" starttime="20221118 11:41:35.049" endtime="20221118 11:41:35.200"/>
</kw>
<status status="PASS" starttime="20221118 11:41:35.047" endtime="20221118 11:41:35.200"/>
</kw>
<msg timestamp="20221118 11:41:35.201" level="INFO">${Status} = True</msg>
<status status="PASS" starttime="20221118 11:41:35.046" endtime="20221118 11:41:35.201"/>
</kw>
<kw name="Aguarda" library="FrameworkAutomation">
<kw name="Sleep" library="BuiltIn">
<arg>1</arg>
<doc>Pauses the test executed for the given time.</doc>
<msg timestamp="20221118 11:41:36.207" level="INFO">Slept 1 second</msg>
<status status="PASS" starttime="20221118 11:41:35.203" endtime="20221118 11:41:36.208"/>
</kw>
<status status="PASS" starttime="20221118 11:41:35.201" endtime="20221118 11:41:36.210"/>
</kw>
<kw name="Run Keyword If" library="BuiltIn">
<arg>'${status}' == 'False'</arg>
<arg>Fatal Error</arg>
<arg>msg=O Elemento '${element}' não encontrado na tela</arg>
<doc>Runs the given keyword with the given arguments, if ``condition`` is true.</doc>
<status status="PASS" starttime="20221118 11:41:36.211" endtime="20221118 11:41:36.213"/>
</kw>
<status status="PASS" starttime="20221118 11:41:35.044" endtime="20221118 11:41:36.213"/>
</kw>
<kw name="Click Element" library="SeleniumLibrary">
<arg>${item}</arg>
<doc>Click the element identified by ``locator``.</doc>
<msg timestamp="20221118 11:41:36.216" level="INFO">Clicking element 'xpath=//button[@type='submit'][contains(.,'Login')]'.</msg>
<status status="PASS" starttime="20221118 11:41:36.214" endtime="20221118 11:41:36.389"/>
</kw>
<status status="PASS" starttime="20221118 11:41:34.023" endtime="20221118 11:41:36.390"/>
</kw>
<kw name="Print Tela" library="FrameworkAutomation">
<kw name="Capture Page Screenshot" library="SeleniumLibrary">
<doc>Takes a screenshot of the current page and embeds it into a log file.</doc>
<msg timestamp="20221118 11:41:36.764" level="INFO" html="true">&lt;/td&gt;&lt;/tr&gt;&lt;tr&gt;&lt;td colspan="3"&gt;&lt;a href="selenium-screenshot-12.png"&gt;&lt;img src="selenium-screenshot-12.png" width="800px"&gt;&lt;/a&gt;</msg>
<status status="PASS" starttime="20221118 11:41:36.393" endtime="20221118 11:41:36.764"/>
</kw>
<status status="PASS" starttime="20221118 11:41:36.391" endtime="20221118 11:41:36.765"/>
</kw>
<kw name="Valida que não esta na tela" library="FrameworkAutomation">
<arg>${RequiredUser}</arg>
<kw name="Run Keyword And Return Status" library="BuiltIn">
<var>${status}</var>
<arg>Não está Visivel</arg>
<arg>${element}</arg>
<doc>Runs the given keyword with given arguments and returns the status as a Boolean value.</doc>
<kw name="Não está Visivel" library="FrameworkAutomation">
<arg>${element}</arg>
<kw name="Wait Until Element Is Visible" library="SeleniumLibrary">
<arg>${element}</arg>
<arg>3</arg>
<doc>Waits until the element ``locator`` is visible.</doc>
<msg timestamp="20221118 11:41:40.299" level="INFO" html="true">&lt;/td&gt;&lt;/tr&gt;&lt;tr&gt;&lt;td colspan="3"&gt;&lt;a href="selenium-screenshot-13.png"&gt;&lt;img src="selenium-screenshot-13.png" width="800px"&gt;&lt;/a&gt;</msg>
<msg timestamp="20221118 11:41:40.300" level="FAIL">Element 'xpath=//input[@name="username"]/../../span' not visible after 3 seconds.</msg>
<status status="FAIL" starttime="20221118 11:41:36.773" endtime="20221118 11:41:40.973"/>
</kw>
<status status="FAIL" starttime="20221118 11:41:36.771" endtime="20221118 11:41:40.975"/>
</kw>
<msg timestamp="20221118 11:41:40.976" level="INFO">${status} = False</msg>
<status status="PASS" starttime="20221118 11:41:36.769" endtime="20221118 11:41:40.976"/>
</kw>
<kw name="Run Keyword If" library="BuiltIn">
<arg>'${status}' == 'True'</arg>
<arg>Fatal Error</arg>
<arg>msg=O Elemento '${element}' não deveria aparecer na tela</arg>
<doc>Runs the given keyword with the given arguments, if ``condition`` is true.</doc>
<status status="PASS" starttime="20221118 11:41:40.977" endtime="20221118 11:41:40.979"/>
</kw>
<status status="PASS" starttime="20221118 11:41:36.766" endtime="20221118 11:41:40.980"/>
</kw>
<kw name="Verifica Se Contem o Texto" library="FrameworkAutomation">
<arg>${RequiredPsw}</arg>
<arg>${required}</arg>
<kw name="Valida Elemento" library="FrameworkAutomation">
<arg>${element}</arg>
<kw name="Run Keyword And Return Status" library="BuiltIn">
<var>${Status}</var>
<arg>Esta Visivel</arg>
<arg>${element}</arg>
<doc>Runs the given keyword with given arguments and returns the status as a Boolean value.</doc>
<kw name="Esta Visivel" library="FrameworkAutomation">
<arg>${element}</arg>
<kw name="Wait Until Element Is Visible" library="SeleniumLibrary">
<arg>${element}</arg>
<arg>30</arg>
<doc>Waits until the element ``locator`` is visible.</doc>
<status status="PASS" starttime="20221118 11:41:40.990" endtime="20221118 11:41:41.149"/>
</kw>
<status status="PASS" starttime="20221118 11:41:40.988" endtime="20221118 11:41:41.149"/>
</kw>
<msg timestamp="20221118 11:41:41.150" level="INFO">${Status} = True</msg>
<status status="PASS" starttime="20221118 11:41:40.986" endtime="20221118 11:41:41.150"/>
</kw>
<kw name="Aguarda" library="FrameworkAutomation">
<kw name="Sleep" library="BuiltIn">
<arg>1</arg>
<doc>Pauses the test executed for the given time.</doc>
<msg timestamp="20221118 11:41:42.155" level="INFO">Slept 1 second</msg>
<status status="PASS" starttime="20221118 11:41:41.152" endtime="20221118 11:41:42.156"/>
</kw>
<status status="PASS" starttime="20221118 11:41:41.151" endtime="20221118 11:41:42.157"/>
</kw>
<kw name="Run Keyword If" library="BuiltIn">
<arg>'${status}' == 'False'</arg>
<arg>Fatal Error</arg>
<arg>msg=O Elemento '${element}' não encontrado na tela</arg>
<doc>Runs the given keyword with the given arguments, if ``condition`` is true.</doc>
<status status="PASS" starttime="20221118 11:41:42.158" endtime="20221118 11:41:42.159"/>
</kw>
<status status="PASS" starttime="20221118 11:41:40.984" endtime="20221118 11:41:42.160"/>
</kw>
<kw name="Element Should Contain" library="SeleniumLibrary">
<arg>${element}</arg>
<arg>${text}</arg>
<doc>Verifies that element ``locator`` contains text ``expected``.</doc>
<msg timestamp="20221118 11:41:42.253" level="INFO">Element 'xpath=//input[@name="password"]/../../span' contains text 'Required'.</msg>
<status status="PASS" starttime="20221118 11:41:42.161" endtime="20221118 11:41:42.254"/>
</kw>
<status status="PASS" starttime="20221118 11:41:40.981" endtime="20221118 11:41:42.255"/>
</kw>
<status status="PASS" starttime="20221118 11:41:32.112" endtime="20221118 11:41:42.256"/>
</kw>
<kw name="Então preencho Password &quot;admin123&quot; e clico login para ser efetuado com sucesso" library="StepsAutomation" sourcename="Então preencho Password &quot;${senha}&quot; e clico login para ser efetuado com sucesso">
<kw name="Preencher Text" library="FrameworkAutomation">
<arg>${InputSenha}</arg>
<arg>${senha}</arg>
<kw name="Valida Elemento" library="FrameworkAutomation">
<arg>${input}</arg>
<kw name="Run Keyword And Return Status" library="BuiltIn">
<var>${Status}</var>
<arg>Esta Visivel</arg>
<arg>${element}</arg>
<doc>Runs the given keyword with given arguments and returns the status as a Boolean value.</doc>
<kw name="Esta Visivel" library="FrameworkAutomation">
<arg>${element}</arg>
<kw name="Wait Until Element Is Visible" library="SeleniumLibrary">
<arg>${element}</arg>
<arg>30</arg>
<doc>Waits until the element ``locator`` is visible.</doc>
<status status="PASS" starttime="20221118 11:41:42.277" endtime="20221118 11:41:42.568"/>
</kw>
<status status="PASS" starttime="20221118 11:41:42.275" endtime="20221118 11:41:42.569"/>
</kw>
<msg timestamp="20221118 11:41:42.570" level="INFO">${Status} = True</msg>
<status status="PASS" starttime="20221118 11:41:42.273" endtime="20221118 11:41:42.570"/>
</kw>
<kw name="Aguarda" library="FrameworkAutomation">
<kw name="Sleep" library="BuiltIn">
<arg>1</arg>
<doc>Pauses the test executed for the given time.</doc>
<msg timestamp="20221118 11:41:43.579" level="INFO">Slept 1 second</msg>
<status status="PASS" starttime="20221118 11:41:42.573" endtime="20221118 11:41:43.579"/>
</kw>
<status status="PASS" starttime="20221118 11:41:42.571" endtime="20221118 11:41:43.580"/>
</kw>
<kw name="Run Keyword If" library="BuiltIn">
<arg>'${status}' == 'False'</arg>
<arg>Fatal Error</arg>
<arg>msg=O Elemento '${element}' não encontrado na tela</arg>
<doc>Runs the given keyword with the given arguments, if ``condition`` is true.</doc>
<status status="PASS" starttime="20221118 11:41:43.581" endtime="20221118 11:41:43.583"/>
</kw>
<status status="PASS" starttime="20221118 11:41:42.271" endtime="20221118 11:41:43.584"/>
</kw>
<kw name="Input Text" library="SeleniumLibrary">
<arg>${input}</arg>
<arg>${item}</arg>
<doc>Types the given ``text`` into the text field identified by ``locator``.</doc>
<msg timestamp="20221118 11:41:43.588" level="INFO">Typing text 'admin123' into text field 'xpath=//input[@name='password']'.</msg>
<status status="PASS" starttime="20221118 11:41:43.585" endtime="20221118 11:41:44.582"/>
</kw>
<status status="PASS" starttime="20221118 11:41:42.268" endtime="20221118 11:41:44.583"/>
</kw>
<kw name="Click no Item" library="FrameworkAutomation">
<arg>${BtnLogin}</arg>
<kw name="Aguarda" library="FrameworkAutomation">
<kw name="Sleep" library="BuiltIn">
<arg>1</arg>
<doc>Pauses the test executed for the given time.</doc>
<msg timestamp="20221118 11:41:45.603" level="INFO">Slept 1 second</msg>
<status status="PASS" starttime="20221118 11:41:44.588" endtime="20221118 11:41:45.604"/>
</kw>
<status status="PASS" starttime="20221118 11:41:44.586" endtime="20221118 11:41:45.607"/>
</kw>
<kw name="Valida Elemento" library="FrameworkAutomation">
<arg>${item}</arg>
<kw name="Run Keyword And Return Status" library="BuiltIn">
<var>${Status}</var>
<arg>Esta Visivel</arg>
<arg>${element}</arg>
<doc>Runs the given keyword with given arguments and returns the status as a Boolean value.</doc>
<kw name="Esta Visivel" library="FrameworkAutomation">
<arg>${element}</arg>
<kw name="Wait Until Element Is Visible" library="SeleniumLibrary">
<arg>${element}</arg>
<arg>30</arg>
<doc>Waits until the element ``locator`` is visible.</doc>
<status status="PASS" starttime="20221118 11:41:45.624" endtime="20221118 11:41:45.757"/>
</kw>
<status status="PASS" starttime="20221118 11:41:45.621" endtime="20221118 11:41:45.758"/>
</kw>
<msg timestamp="20221118 11:41:45.759" level="INFO">${Status} = True</msg>
<status status="PASS" starttime="20221118 11:41:45.617" endtime="20221118 11:41:45.759"/>
</kw>
<kw name="Aguarda" library="FrameworkAutomation">
<kw name="Sleep" library="BuiltIn">
<arg>1</arg>
<doc>Pauses the test executed for the given time.</doc>
<msg timestamp="20221118 11:41:46.765" level="INFO">Slept 1 second</msg>
<status status="PASS" starttime="20221118 11:41:45.762" endtime="20221118 11:41:46.769"/>
</kw>
<status status="PASS" starttime="20221118 11:41:45.760" endtime="20221118 11:41:46.773"/>
</kw>
<kw name="Run Keyword If" library="BuiltIn">
<arg>'${status}' == 'False'</arg>
<arg>Fatal Error</arg>
<arg>msg=O Elemento '${element}' não encontrado na tela</arg>
<doc>Runs the given keyword with the given arguments, if ``condition`` is true.</doc>
<status status="PASS" starttime="20221118 11:41:46.776" endtime="20221118 11:41:46.778"/>
</kw>
<status status="PASS" starttime="20221118 11:41:45.608" endtime="20221118 11:41:46.785"/>
</kw>
<kw name="Click Element" library="SeleniumLibrary">
<arg>${item}</arg>
<doc>Click the element identified by ``locator``.</doc>
<msg timestamp="20221118 11:41:46.791" level="INFO">Clicking element 'xpath=//button[@type='submit'][contains(.,'Login')]'.</msg>
<status status="PASS" starttime="20221118 11:41:46.788" endtime="20221118 11:41:47.108"/>
</kw>
<status status="PASS" starttime="20221118 11:41:44.583" endtime="20221118 11:41:47.109"/>
</kw>
<kw name="Print Tela" library="FrameworkAutomation">
<kw name="Capture Page Screenshot" library="SeleniumLibrary">
<doc>Takes a screenshot of the current page and embeds it into a log file.</doc>
<msg timestamp="20221118 11:41:51.309" level="INFO" html="true">&lt;/td&gt;&lt;/tr&gt;&lt;tr&gt;&lt;td colspan="3"&gt;&lt;a href="selenium-screenshot-14.png"&gt;&lt;img src="selenium-screenshot-14.png" width="800px"&gt;&lt;/a&gt;</msg>
<status status="PASS" starttime="20221118 11:41:47.113" endtime="20221118 11:41:51.310"/>
</kw>
<status status="PASS" starttime="20221118 11:41:47.110" endtime="20221118 11:41:51.311"/>
</kw>
<kw name="Valida Elemento" library="FrameworkAutomation">
<arg>${ValidLogin}</arg>
<kw name="Run Keyword And Return Status" library="BuiltIn">
<var>${Status}</var>
<arg>Esta Visivel</arg>
<arg>${element}</arg>
<doc>Runs the given keyword with given arguments and returns the status as a Boolean value.</doc>
<kw name="Esta Visivel" library="FrameworkAutomation">
<arg>${element}</arg>
<kw name="Wait Until Element Is Visible" library="SeleniumLibrary">
<arg>${element}</arg>
<arg>30</arg>
<doc>Waits until the element ``locator`` is visible.</doc>
<status status="PASS" starttime="20221118 11:41:51.320" endtime="20221118 11:41:52.969"/>
</kw>
<status status="PASS" starttime="20221118 11:41:51.317" endtime="20221118 11:41:52.970"/>
</kw>
<msg timestamp="20221118 11:41:52.971" level="INFO">${Status} = True</msg>
<status status="PASS" starttime="20221118 11:41:51.315" endtime="20221118 11:41:52.972"/>
</kw>
<kw name="Aguarda" library="FrameworkAutomation">
<kw name="Sleep" library="BuiltIn">
<arg>1</arg>
<doc>Pauses the test executed for the given time.</doc>
<msg timestamp="20221118 11:41:53.982" level="INFO">Slept 1 second</msg>
<status status="PASS" starttime="20221118 11:41:52.975" endtime="20221118 11:41:53.982"/>
</kw>
<status status="PASS" starttime="20221118 11:41:52.973" endtime="20221118 11:41:53.983"/>
</kw>
<kw name="Run Keyword If" library="BuiltIn">
<arg>'${status}' == 'False'</arg>
<arg>Fatal Error</arg>
<arg>msg=O Elemento '${element}' não encontrado na tela</arg>
<doc>Runs the given keyword with the given arguments, if ``condition`` is true.</doc>
<status status="PASS" starttime="20221118 11:41:53.984" endtime="20221118 11:41:53.987"/>
</kw>
<status status="PASS" starttime="20221118 11:41:51.312" endtime="20221118 11:41:53.988"/>
</kw>
<status status="PASS" starttime="20221118 11:41:42.265" endtime="20221118 11:41:53.989"/>
</kw>
<kw name="Stop Recording Test" library="AutoRecorder">
<arg>CT03-Login Sem Preenchimento</arg>
<doc>End of autorecording</doc>
<msg timestamp="20221118 11:41:54.199" level="INFO" html="true">&lt;a href="recording_3.webm"&gt;&lt;video width="800px" autoplay&gt;&lt;source src="recording_3.webm" type="video/webm"&gt;&lt;/video&gt;&lt;/a&gt;</msg>
<status status="PASS" starttime="20221118 11:41:54.067" endtime="20221118 11:41:54.200"/>
</kw>
<status status="PASS" starttime="20221118 11:41:03.952" endtime="20221118 11:41:54.065"/>
</test>
<doc>Essa suite testa o site</doc>
<status status="PASS" starttime="20221118 11:39:46.233" endtime="20221118 11:41:54.714"/>
</suite>
<statistics>
<total>
<stat pass="3" fail="0" skip="0">All Tests</stat>
</total>
<tag>
</tag>
<suite>
<stat pass="3" fail="0" skip="0" id="s1" name="SuiteAutomation">SuiteAutomation</stat>
</suite>
</statistics>
<errors>
</errors>
</robot>
